  Конечно-разностный метод.cpp
I:\С++\Конечно-разностный метод\Конечно-разностный метод\Конечно-разностный метод.cpp(28,10): error C2131: выражение не определяется константой
I:\С++\Конечно-разностный метод\Конечно-разностный метод\Конечно-разностный метод.cpp(28,10): message : сбой вызван чтением переменной вне срока ее существования
I:\С++\Конечно-разностный метод\Конечно-разностный метод\Конечно-разностный метод.cpp(28,10): message : см. использование "N"
I:\С++\Конечно-разностный метод\Конечно-разностный метод\Конечно-разностный метод.cpp(28,16): error C2131: выражение не определяется константой
I:\С++\Конечно-разностный метод\Конечно-разностный метод\Конечно-разностный метод.cpp(28,16): message : сбой вызван чтением переменной вне срока ее существования
I:\С++\Конечно-разностный метод\Конечно-разностный метод\Конечно-разностный метод.cpp(28,16): message : см. использование "N"
I:\С++\Конечно-разностный метод\Конечно-разностный метод\Конечно-разностный метод.cpp(31,11): error C3863: тип массива "float [N]" является неназначаемым
I:\С++\Конечно-разностный метод\Конечно-разностный метод\Конечно-разностный метод.cpp(32,14): error C3863: тип массива "float [N]" является неназначаемым
I:\С++\Конечно-разностный метод\Конечно-разностный метод\Конечно-разностный метод.cpp(36,10): error C2131: выражение не определяется константой
I:\С++\Конечно-разностный метод\Конечно-разностный метод\Конечно-разностный метод.cpp(36,10): message : сбой вызван чтением переменной вне срока ее существования
I:\С++\Конечно-разностный метод\Конечно-разностный метод\Конечно-разностный метод.cpp(36,10): message : см. использование "N"
I:\С++\Конечно-разностный метод\Конечно-разностный метод\Конечно-разностный метод.cpp(36,13): error C2131: выражение не определяется константой
I:\С++\Конечно-разностный метод\Конечно-разностный метод\Конечно-разностный метод.cpp(36,13): message : сбой вызван чтением переменной вне срока ее существования
I:\С++\Конечно-разностный метод\Конечно-разностный метод\Конечно-разностный метод.cpp(36,13): message : см. использование "N"
I:\С++\Конечно-разностный метод\Конечно-разностный метод\Конечно-разностный метод.cpp(36,19): error C2131: выражение не определяется константой
I:\С++\Конечно-разностный метод\Конечно-разностный метод\Конечно-разностный метод.cpp(36,19): message : сбой вызван чтением переменной вне срока ее существования
I:\С++\Конечно-разностный метод\Конечно-разностный метод\Конечно-разностный метод.cpp(36,19): message : см. использование "N"
I:\С++\Конечно-разностный метод\Конечно-разностный метод\Конечно-разностный метод.cpp(36,22): error C2131: выражение не определяется константой
I:\С++\Конечно-разностный метод\Конечно-разностный метод\Конечно-разностный метод.cpp(36,22): message : сбой вызван чтением переменной вне срока ее существования
I:\С++\Конечно-разностный метод\Конечно-разностный метод\Конечно-разностный метод.cpp(36,22): message : см. использование "N"
I:\С++\Конечно-разностный метод\Конечно-разностный метод\Конечно-разностный метод.cpp(36,28): error C2131: выражение не определяется константой
I:\С++\Конечно-разностный метод\Конечно-разностный метод\Конечно-разностный метод.cpp(36,28): message : сбой вызван чтением переменной вне срока ее существования
I:\С++\Конечно-разностный метод\Конечно-разностный метод\Конечно-разностный метод.cpp(36,28): message : см. использование "N"
I:\С++\Конечно-разностный метод\Конечно-разностный метод\Конечно-разностный метод.cpp(36,31): error C2131: выражение не определяется константой
I:\С++\Конечно-разностный метод\Конечно-разностный метод\Конечно-разностный метод.cpp(36,31): message : сбой вызван чтением переменной вне срока ее существования
I:\С++\Конечно-разностный метод\Конечно-разностный метод\Конечно-разностный метод.cpp(36,31): message : см. использование "N"
I:\С++\Конечно-разностный метод\Конечно-разностный метод\Конечно-разностный метод.cpp(36,37): error C2131: выражение не определяется константой
I:\С++\Конечно-разностный метод\Конечно-разностный метод\Конечно-разностный метод.cpp(36,37): message : сбой вызван чтением переменной вне срока ее существования
I:\С++\Конечно-разностный метод\Конечно-разностный метод\Конечно-разностный метод.cpp(36,37): message : см. использование "N"
I:\С++\Конечно-разностный метод\Конечно-разностный метод\Конечно-разностный метод.cpp(36,40): error C2131: выражение не определяется константой
I:\С++\Конечно-разностный метод\Конечно-разностный метод\Конечно-разностный метод.cpp(36,40): message : сбой вызван чтением переменной вне срока ее существования
I:\С++\Конечно-разностный метод\Конечно-разностный метод\Конечно-разностный метод.cpp(36,40): message : см. использование "N"
I:\С++\Конечно-разностный метод\Конечно-разностный метод\Конечно-разностный метод.cpp(38,11): error C2131: выражение не определяется константой
I:\С++\Конечно-разностный метод\Конечно-разностный метод\Конечно-разностный метод.cpp(38,11): message : сбой вызван чтением переменной вне срока ее существования
I:\С++\Конечно-разностный метод\Конечно-разностный метод\Конечно-разностный метод.cpp(38,11): message : см. использование "n"
I:\С++\Конечно-разностный метод\Конечно-разностный метод\Конечно-разностный метод.cpp(38,18): error C2131: выражение не определяется константой
I:\С++\Конечно-разностный метод\Конечно-разностный метод\Конечно-разностный метод.cpp(38,18): message : сбой вызван чтением переменной вне срока ее существования
I:\С++\Конечно-разностный метод\Конечно-разностный метод\Конечно-разностный метод.cpp(38,18): message : см. использование "n"
I:\С++\Конечно-разностный метод\Конечно-разностный метод\Конечно-разностный метод.cpp(38,31): error C2131: выражение не определяется константой
I:\С++\Конечно-разностный метод\Конечно-разностный метод\Конечно-разностный метод.cpp(38,31): message : сбой вызван чтением переменной вне срока ее существования
I:\С++\Конечно-разностный метод\Конечно-разностный метод\Конечно-разностный метод.cpp(38,31): message : см. использование "n"
I:\С++\Конечно-разностный метод\Конечно-разностный метод\Конечно-разностный метод.cpp(38,34): error C2131: выражение не определяется константой
I:\С++\Конечно-разностный метод\Конечно-разностный метод\Конечно-разностный метод.cpp(38,34): message : сбой вызван чтением переменной вне срока ее существования
I:\С++\Конечно-разностный метод\Конечно-разностный метод\Конечно-разностный метод.cpp(38,34): message : см. использование "n"
I:\С++\Конечно-разностный метод\Конечно-разностный метод\Конечно-разностный метод.cpp(41,12): error C3863: тип массива "float [n]" является неназначаемым
I:\С++\Конечно-разностный метод\Конечно-разностный метод\Конечно-разностный метод.cpp(43,15): error C3863: тип массива "float [N][N]" является неназначаемым
I:\С++\Конечно-разностный метод\Конечно-разностный метод\Конечно-разностный метод.cpp(44,15): error C3863: тип массива "float [N][N]" является неназначаемым
I:\С++\Конечно-разностный метод\Конечно-разностный метод\Конечно-разностный метод.cpp(45,15): error C3863: тип массива "float [N][N]" является неназначаемым
I:\С++\Конечно-разностный метод\Конечно-разностный метод\Конечно-разностный метод.cpp(46,16): error C3863: тип массива "float [n][n]" является неназначаемым
I:\С++\Конечно-разностный метод\Конечно-разностный метод\Конечно-разностный метод.cpp(47,15): error C3863: тип массива "float [N][N]" является неназначаемым
I:\С++\Конечно-разностный метод\Конечно-разностный метод\Конечно-разностный метод.cpp(53,21): error C3863: тип массива "float [N][N]" является неназначаемым
I:\С++\Конечно-разностный метод\Конечно-разностный метод\Конечно-разностный метод.cpp(54,32): error C3863: тип массива "float [N][N]" является неназначаемым
I:\С++\Конечно-разностный метод\Конечно-разностный метод\Конечно-разностный метод.cpp(58,30): error C3863: тип массива "float [N][N]" является неназначаемым
I:\С++\Конечно-разностный метод\Конечно-разностный метод\Конечно-разностный метод.cpp(59,38): error C3863: тип массива "float [N][N]" является неназначаемым
I:\С++\Конечно-разностный метод\Конечно-разностный метод\Конечно-разностный метод.cpp(62,38): error C3863: тип массива "float [N][N]" является неназначаемым
I:\С++\Конечно-разностный метод\Конечно-разностный метод\Конечно-разностный метод.cpp(65,38): error C3863: тип массива "float [N][N]" является неназначаемым
I:\С++\Конечно-разностный метод\Конечно-разностный метод\Конечно-разностный метод.cpp(66,30): error C3863: тип массива "float [N][N]" является неназначаемым
I:\С++\Конечно-разностный метод\Конечно-разностный метод\Конечно-разностный метод.cpp(67,38): error C3863: тип массива "float [N][N]" является неназначаемым
I:\С++\Конечно-разностный метод\Конечно-разностный метод\Конечно-разностный метод.cpp(75,53): error C3863: тип массива "float [N][N]" является неназначаемым
I:\С++\Конечно-разностный метод\Конечно-разностный метод\Конечно-разностный метод.cpp(78,25): error C3863: тип массива "float [N][N]" является неназначаемым
I:\С++\Конечно-разностный метод\Конечно-разностный метод\Конечно-разностный метод.cpp(85,22): error C3863: тип массива "float [n]" является неназначаемым
I:\С++\Конечно-разностный метод\Конечно-разностный метод\Конечно-разностный метод.cpp(93,29): error C3863: тип массива "float [n][n]" является неназначаемым
I:\С++\Конечно-разностный метод\Конечно-разностный метод\Конечно-разностный метод.cpp(101,29): error C3863: тип массива "float [n][n]" является неназначаемым
I:\С++\Конечно-разностный метод\Конечно-разностный метод\Конечно-разностный метод.cpp(109,29): error C3863: тип массива "float [n][n]" является неназначаемым
I:\С++\Конечно-разностный метод\Конечно-разностный метод\Конечно-разностный метод.cpp(117,21): warning C4552: "<<": результат выражения не используется
I:\С++\Конечно-разностный метод\Конечно-разностный метод\Конечно-разностный метод.cpp(132,39): error C3863: тип массива "float [n][n]" является неназначаемым
I:\С++\Конечно-разностный метод\Конечно-разностный метод\Конечно-разностный метод.cpp(134,29): error C3863: тип массива "float [n]" является неназначаемым
I:\С++\Конечно-разностный метод\Конечно-разностный метод\Конечно-разностный метод.cpp(146,33): error C3863: тип массива "float [n]" является неназначаемым
I:\С++\Конечно-разностный метод\Конечно-разностный метод\Конечно-разностный метод.cpp(154,45): warning C4552: "<<": результат выражения не используется
